<?xml version="1.0" encoding="UTF-8"?>
<!-- Generated by org.testng.reporters.JUnitXMLReporter -->
<testsuite ignored="0" hostname="WOLF_PC" failures="0" tests="6" name="Surefire test" time="37.556" errors="0" timestamp="2022-08-10T12:45:30 EDT">
  <testcase classname="org.selenium.pom.tests.NavigationTest" name="NavigateFromHomeToStoreUsingMainMenu" time="5.285"/>
  <testcase classname="org.selenium.pom.tests.SearchTest" name="SearchWithPartialMatch" time="4.908"/>
  <testcase classname="org.selenium.pom.tests.AddToCartTest" name="addToCartFromStorePage" time="9.056"/>
  <testcase classname="org.selenium.pom.tests.CheckoutTest" name="GuestCheckoutUsingDirectBankTransfer" time="18.944"/>
  <testcase classname="org.selenium.pom.tests.LoginTest" name="loginDuringCheckout" time="29.146"/>
  <testcase classname="org.selenium.pom.tests.CheckoutTest" name="LoginAndCheckoutUsingDirectBankTransfer" time="29.376"/>
</testsuite> <!-- Surefire test -->
